2019-03-15 15:21:47,724 INFO  [Log4j] **************************************************************************************** 
2019-03-15 15:21:47,771 INFO  [Log4j] ***********************BEGIN -----TEST-------CASE ******************************** 
2019-03-15 15:21:47,771 INFO  [Log4j] Test Case ID:------------->    WorldpayLaunch    
2019-03-15 15:21:47,771 INFO  [Log4j] Action Keyword:----------->    Navigate  
2019-03-15 15:21:47,771 INFO  [Log4j] WebElement:----------->        
2019-03-15 15:21:47,771 INFO  [Log4j] Input Data:--------------->    https://www.worldpay.com/us/get-in-touch/global-contact  
2019-03-15 15:21:47,771 INFO  [Log4j] Navigate is called 
2019-03-15 15:22:36,475 INFO  [Log4j] **************************************************************************************** 
2019-03-15 15:22:36,475 INFO  [Log4j] ***********************BEGIN -----TEST-------CASE ******************************** 
2019-03-15 15:22:36,476 INFO  [Log4j] Test Case ID:------------->    WorldPayForm    
2019-03-15 15:22:36,476 INFO  [Log4j] Action Keyword:----------->    waitFor  
2019-03-15 15:22:36,476 INFO  [Log4j] WebElement:----------->        
2019-03-15 15:22:36,476 INFO  [Log4j] Input Data:--------------->    null  
2019-03-15 15:22:46,492 INFO  [Log4j] **************************************************************************************** 
2019-03-15 15:22:46,493 INFO  [Log4j] ***********************BEGIN -----TEST-------CASE ******************************** 
2019-03-15 15:22:46,493 INFO  [Log4j] Test Case ID:------------->    WorldPayForm    
2019-03-15 15:22:46,493 INFO  [Log4j] Action Keyword:----------->    Click  
2019-03-15 15:22:46,493 INFO  [Log4j] WebElement:----------->    firstName    
2019-03-15 15:22:46,493 INFO  [Log4j] Input Data:--------------->    null  
2019-03-15 15:22:46,493 INFO  [Log4j] Click is called ... firstName 
2019-03-15 15:22:46,808 INFO  [Log4j] **************************************************************************************** 
2019-03-15 15:22:46,809 INFO  [Log4j] ***********************BEGIN -----TEST-------CASE ******************************** 
2019-03-15 15:22:46,809 INFO  [Log4j] Test Case ID:------------->    WorldPayForm    
2019-03-15 15:22:46,809 INFO  [Log4j] Action Keyword:----------->    InputText  
2019-03-15 15:22:46,809 INFO  [Log4j] WebElement:----------->    firstName    
2019-03-15 15:22:46,809 INFO  [Log4j] Input Data:--------------->    Jhon  
2019-03-15 15:22:46,809 INFO  [Log4j] Enter text into ... firstName 
2019-03-15 15:22:47,121 INFO  [Log4j] **************************************************************************************** 
2019-03-15 15:22:47,122 INFO  [Log4j] ***********************BEGIN -----TEST-------CASE ******************************** 
2019-03-15 15:22:47,122 INFO  [Log4j] Test Case ID:------------->    WorldPayForm    
2019-03-15 15:22:47,122 INFO  [Log4j] Action Keyword:----------->    InputText  
2019-03-15 15:22:47,122 INFO  [Log4j] WebElement:----------->    surName    
2019-03-15 15:22:47,122 INFO  [Log4j] Input Data:--------------->    S  
2019-03-15 15:22:47,122 INFO  [Log4j] Enter text into ... surName 
2019-03-15 15:22:47,413 INFO  [Log4j] **************************************************************************************** 
2019-03-15 15:22:47,413 INFO  [Log4j] ***********************BEGIN -----TEST-------CASE ******************************** 
2019-03-15 15:22:47,413 INFO  [Log4j] Test Case ID:------------->    WorldPayForm    
2019-03-15 15:22:47,413 INFO  [Log4j] Action Keyword:----------->    InputText  
2019-03-15 15:22:47,413 INFO  [Log4j] WebElement:----------->    jobTitle    
2019-03-15 15:22:47,413 INFO  [Log4j] Input Data:--------------->    Software Engineer  
2019-03-15 15:22:47,413 INFO  [Log4j] Enter text into ... jobTitle 
2019-03-15 15:22:47,915 INFO  [Log4j] **************************************************************************************** 
2019-03-15 15:22:47,915 INFO  [Log4j] ***********************BEGIN -----TEST-------CASE ******************************** 
2019-03-15 15:22:47,916 INFO  [Log4j] Test Case ID:------------->    WorldPayForm    
2019-03-15 15:22:47,916 INFO  [Log4j] Action Keyword:----------->    InputText  
2019-03-15 15:22:47,917 INFO  [Log4j] WebElement:----------->    emailAddress    
2019-03-15 15:22:47,917 INFO  [Log4j] Input Data:--------------->    admin1@gmail.com  
2019-03-15 15:22:47,917 INFO  [Log4j] Enter text into ... emailAddress 
2019-03-15 15:22:48,383 INFO  [Log4j] **************************************************************************************** 
2019-03-15 15:22:48,383 INFO  [Log4j] ***********************BEGIN -----TEST-------CASE ******************************** 
2019-03-15 15:22:48,383 INFO  [Log4j] Test Case ID:------------->    WorldPayForm    
2019-03-15 15:22:48,383 INFO  [Log4j] Action Keyword:----------->    InputText  
2019-03-15 15:22:48,383 INFO  [Log4j] WebElement:----------->    company    
2019-03-15 15:22:48,384 INFO  [Log4j] Input Data:--------------->    SLK  
2019-03-15 15:22:48,384 INFO  [Log4j] Enter text into ... company 
2019-03-15 15:22:48,775 INFO  [Log4j] **************************************************************************************** 
2019-03-15 15:22:48,775 INFO  [Log4j] ***********************BEGIN -----TEST-------CASE ******************************** 
2019-03-15 15:22:48,775 INFO  [Log4j] Test Case ID:------------->    WorldPayForm    
2019-03-15 15:22:48,775 INFO  [Log4j] Action Keyword:----------->    InputText  
2019-03-15 15:22:48,775 INFO  [Log4j] WebElement:----------->    phoneNum    
2019-03-15 15:22:48,776 INFO  [Log4j] Input Data:--------------->    88888888  
2019-03-15 15:22:48,776 INFO  [Log4j] Enter text into ... phoneNum 
2019-03-15 15:22:49,173 INFO  [Log4j] **************************************************************************************** 
2019-03-15 15:22:49,174 INFO  [Log4j] ***********************BEGIN -----TEST-------CASE ******************************** 
2019-03-15 15:22:49,174 INFO  [Log4j] Test Case ID:------------->    WorldPayForm    
2019-03-15 15:22:49,174 INFO  [Log4j] Action Keyword:----------->    selectDropDownByIndex  
2019-03-15 15:22:49,174 INFO  [Log4j] WebElement:----------->    Industry    
2019-03-15 15:22:49,174 INFO  [Log4j] Input Data:--------------->    null  
2019-03-15 15:22:49,674 INFO  [Log4j] **************************************************************************************** 
2019-03-15 15:22:49,674 INFO  [Log4j] ***********************BEGIN -----TEST-------CASE ******************************** 
2019-03-15 15:22:49,674 INFO  [Log4j] Test Case ID:------------->    WorldPayForm    
2019-03-15 15:22:49,674 INFO  [Log4j] Action Keyword:----------->    selectDropDownByIndex  
2019-03-15 15:22:49,674 INFO  [Log4j] WebElement:----------->    Region    
2019-03-15 15:22:49,674 INFO  [Log4j] Input Data:--------------->    null  
2019-03-15 15:22:50,175 INFO  [Log4j] **************************************************************************************** 
2019-03-15 15:22:50,176 INFO  [Log4j] ***********************BEGIN -----TEST-------CASE ******************************** 
2019-03-15 15:22:50,176 INFO  [Log4j] Test Case ID:------------->    WorldPayForm    
2019-03-15 15:22:50,176 INFO  [Log4j] Action Keyword:----------->    selectDropDownByIndex  
2019-03-15 15:22:50,176 INFO  [Log4j] WebElement:----------->    annualRevenue    
2019-03-15 15:22:50,176 INFO  [Log4j] Input Data:--------------->    null  
2019-03-15 15:22:50,677 INFO  [Log4j] **************************************************************************************** 
2019-03-15 15:22:51,246 INFO  [Log4j] ***********************BEGIN -----TEST-------CASE ******************************** 
2019-03-15 15:22:51,246 INFO  [Log4j] Test Case ID:------------->    WorldPayForm    
2019-03-15 15:22:51,246 INFO  [Log4j] Action Keyword:----------->    InputText  
2019-03-15 15:22:51,246 INFO  [Log4j] WebElement:----------->    comments    
2019-03-15 15:22:51,246 INFO  [Log4j] Input Data:--------------->    PRODUCTS AND SERVICES  
2019-03-15 15:22:51,246 INFO  [Log4j] Enter text into ... comments 
2019-03-15 15:22:51,808 INFO  [Log4j] **************************************************************************************** 
2019-03-15 15:22:51,808 INFO  [Log4j] ***********************BEGIN -----TEST-------CASE ******************************** 
2019-03-15 15:22:51,808 INFO  [Log4j] Test Case ID:------------->    WorldPayForm    
2019-03-15 15:22:51,808 INFO  [Log4j] Action Keyword:----------->    Click  
2019-03-15 15:22:51,808 INFO  [Log4j] WebElement:----------->    InfoSend    
2019-03-15 15:22:51,809 INFO  [Log4j] Input Data:--------------->    null  
2019-03-15 15:22:51,809 INFO  [Log4j] Click is called ... InfoSend 
2019-03-15 15:22:52,074 INFO  [Log4j] **************************************************************************************** 
2019-03-15 15:22:52,074 INFO  [Log4j] ***********************BEGIN -----TEST-------CASE ******************************** 
2019-03-15 15:22:52,074 INFO  [Log4j] Test Case ID:------------->    WorldPayForm    
2019-03-15 15:22:52,074 INFO  [Log4j] Action Keyword:----------->    Click  
2019-03-15 15:22:52,074 INFO  [Log4j] WebElement:----------->    btnsubmmit    
2019-03-15 15:22:52,074 INFO  [Log4j] Input Data:--------------->    null  
2019-03-15 15:22:52,074 INFO  [Log4j] Click is called ... btnsubmmit 
2019-03-15 15:22:52,385 INFO  [Log4j] **************************************************************************************** 
2019-03-15 15:22:52,385 INFO  [Log4j] ***********************BEGIN -----TEST-------CASE ******************************** 
2019-03-15 15:22:52,385 INFO  [Log4j] Test Case ID:------------->    WorldPayForm    
2019-03-15 15:22:52,385 INFO  [Log4j] Action Keyword:----------->    Click  
2019-03-15 15:22:52,385 INFO  [Log4j] WebElement:----------->    btnsubmmit1    
2019-03-15 15:22:52,385 INFO  [Log4j] Input Data:--------------->    null  
2019-03-15 15:22:52,385 INFO  [Log4j] Click is called ... btnsubmmit1 
2019-03-15 15:22:52,469 ERROR [Log4j] Not able to Click--- invalid selector: Unable to locate an element with the xpath expression .///button[@type='submit'] because of the following error:
SyntaxError: Failed to execute 'evaluate' on 'Document': The string './//button[@type='submit']' is not a valid XPath expression.
  (Session info: chrome=72.0.3626.121)
  (Driver info: chromedriver=2.46.628402 (536cd7adbad73a3783fdc2cab92ab2ba7ec361e1),platform=Windows NT 10.0.17763 x86_64) (WARNING: The server did not provide any stacktrace information)
Command duration or timeout: 45 milliseconds
For documentation on this error, please visit: http://seleniumhq.org/exceptions/invalid_selector_exception.html
Build info: version: '3.4.0', revision: 'unknown', time: 'unknown'
System info: host: 'SRV03WAP101', ip: '10.0.75.1', os.name: 'Windows 10', os.arch: 'amd64', os.version: '10.0', java.version: '9.0.4'
Driver info: org.openqa.selenium.chrome.ChromeDriver
Capabilities [{mobileEmulationEnabled=false, timeouts={implicit=0.0, pageLoad=300000.0, script=30000.0}, hasTouchScreen=false, platform=XP, acceptSslCerts=false, goog:chromeOptions={debuggerAddress=localhost:49378}, acceptInsecureCerts=false, webStorageEnabled=true, browserName=chrome, takesScreenshot=true, javascriptEnabled=true, setWindowRect=true, unexpectedAlertBehaviour=ignore, applicationCacheEnabled=false, rotatable=false, networkConnectionEnabled=false, chrome={chromedriverVersion=2.46.628402 (536cd7adbad73a3783fdc2cab92ab2ba7ec361e1), userDataDir=C:\Users\raghu.rc\AppData\Local\Temp\scoped_dir4284_16158}, takesHeapSnapshot=true, pageLoadStrategy=normal, strictFileInteractability=false, databaseEnabled=false, handlesAlerts=true, version=72.0.3626.121, browserConnectionEnabled=false, proxy=Proxy(), nativeEvents=true, locationContextEnabled=true, cssSelectorsEnabled=true}]
Session ID: babd7a066db231fdc5a11e04f8217749
*** Element info: {Using=xpath, value=.///button[@type='submit']} 
2019-03-15 15:22:52,470 ERROR [Log4j] WorldPayForm 
